<?xml version="1.0" encoding="UTF-8"?>
<robot generator="Robot 7.0 (Python 3.12.3 on win32)" generated="2024-11-13T21:17:47.218359" rpa="false" schemaversion="5">
<suite id="s1" name="FichaSmoke" source="c:\Users\suporte\Desktop\robotFrameWork\features\FichaSmoke.robot">
<test id="s1-t1" name="Cenário 2: Recuperação da Ficha de incrição" line="22">
<kw name="Abrir o navegador" owner="kws_ficha_resouces" type="SETUP">
<kw name="Open Browser" owner="SeleniumLibrary">
<msg time="2024-11-13T21:17:47.878404" level="INFO">Opening browser 'Chrome' to base url 'https://fichainscricao-dev.inspirali.com/concurso/15505'.</msg>
<arg>${URLlogin}</arg>
<arg>Chrome</arg>
<doc>Opens a new browser instance to the optional ``url``.</doc>
<status status="PASS" start="2024-11-13T21:17:47.878404" elapsed="2.419522"/>
</kw>
<kw name="Maximize Browser Window" owner="SeleniumLibrary">
<doc>Maximizes current browser window.</doc>
<status status="PASS" start="2024-11-13T21:17:50.297926" elapsed="0.032889"/>
</kw>
<status status="PASS" start="2024-11-13T21:17:47.876394" elapsed="2.454421"/>
</kw>
<kw name="Dado que o usuário preencheu nome completo, email e telefone que já existe" owner="kws_ficha_resouces">
<kw name="Wait Until Element Is Visible" owner="SeleniumLibrary">
<arg>${ELEMENT_TITLE}</arg>
<doc>Waits until the element ``locator`` is visible.</doc>
<status status="PASS" start="2024-11-13T21:17:50.334345" elapsed="0.708617"/>
</kw>
<kw name="Input Text" owner="SeleniumLibrary">
<msg time="2024-11-13T21:17:51.044867" level="INFO">Typing text 'Pedro Figueiredo' into text field 'xpath=(//input[contains(@type,'text')])[1]'.</msg>
<arg>${IPT_NAME}</arg>
<arg>Pedro Figueiredo</arg>
<doc>Types the given ``text`` into the text field identified by ``locator``.</doc>
<status status="PASS" start="2024-11-13T21:17:51.043863" elapsed="0.210931"/>
</kw>
<kw name="Input Text" owner="SeleniumLibrary">
<msg time="2024-11-13T21:17:51.254794" level="INFO">Typing text 'pedro.figueiredo@gmail.com' into text field 'xpath=(//input[contains(@type,'text')])[2]'.</msg>
<arg>${IPT_EMAIL}</arg>
<arg>pedro.figueiredo@gmail.com</arg>
<doc>Types the given ``text`` into the text field identified by ``locator``.</doc>
<status status="PASS" start="2024-11-13T21:17:51.254794" elapsed="0.136002"/>
</kw>
<kw name="Input Text" owner="SeleniumLibrary">
<msg time="2024-11-13T21:17:51.390796" level="INFO">Typing text '12981650685' into text field 'xpath=(//input[contains(@type,'text')])[3]'.</msg>
<arg>${IPT_PHONE}</arg>
<arg>12981650685</arg>
<doc>Types the given ``text`` into the text field identified by ``locator``.</doc>
<status status="PASS" start="2024-11-13T21:17:51.390796" elapsed="0.113931"/>
</kw>
<status status="PASS" start="2024-11-13T21:17:50.331812" elapsed="1.174115"/>
</kw>
<kw name="E clicar em continue" owner="kws_ficha_resouces">
<kw name="Click Button" owner="SeleniumLibrary">
<msg time="2024-11-13T21:17:51.506879" level="INFO">Clicking button 'xpath=//button[@class='btn btn-primary'][contains(.,'Continue')]'.</msg>
<arg>${CLICK_NEXT}</arg>
<doc>Clicks the button identified by ``locator``.</doc>
<status status="PASS" start="2024-11-13T21:17:51.506879" elapsed="0.055966"/>
</kw>
<kw name="Sleep" owner="BuiltIn">
<msg time="2024-11-13T21:17:52.563174" level="INFO">Slept 1 second.</msg>
<arg>1s</arg>
<doc>Pauses the test executed for the given time.</doc>
<status status="PASS" start="2024-11-13T21:17:51.562845" elapsed="1.000329"/>
</kw>
<status status="PASS" start="2024-11-13T21:17:51.506879" elapsed="1.056295"/>
</kw>
<kw name="Fechar navegador" owner="kws_ficha_resouces" type="TEARDOWN">
<kw name="Close Browser" owner="SeleniumLibrary">
<doc>Closes the current browser.</doc>
<status status="PASS" start="2024-11-13T21:17:52.565137" elapsed="2.209563"/>
</kw>
<status status="PASS" start="2024-11-13T21:17:52.564158" elapsed="2.210542"/>
</kw>
<status status="PASS" start="2024-11-13T21:17:47.875403" elapsed="6.900191"/>
</test>
<status status="PASS" start="2024-11-13T21:17:47.223870" elapsed="7.553724"/>
</suite>
<statistics>
<total>
<stat pass="1" fail="0" skip="0">All Tests</stat>
</total>
<tag>
</tag>
<suite>
<stat pass="1" fail="0" skip="0" id="s1" name="FichaSmoke">FichaSmoke</stat>
</suite>
</statistics>
<errors>
<msg time="2024-11-13T21:17:47.246696" level="ERROR">Error in file 'c:\Users\suporte\Desktop\robotFrameWork\resources\keywords\kws_ficha_resouces.robot' on line 3: Library '..\features\libraries\db_library.py' does not exist.</msg>
<msg time="2024-11-13T21:17:47.251700" level="ERROR">Error in file 'c:\Users\suporte\Desktop\robotFrameWork\resources\keywords\kws_ficha_resouces.robot' on line 4: Library 'C:UserssuporteDesktopobotFrameWorkfeatureslibrariesdb_library.py' does not exist.</msg>
</errors>
</robot>
