<?xml version="1.0" encoding="UTF-8"?>
<robot generator="Robot 7.0 (Python 3.12.3 on win32)" generated="2024-11-13T21:02:22.481298" rpa="false" schemaversion="5">
<suite id="s1" name="FichaSmoke" source="C:\Users\suporte\Desktop\robotFrameWork\features\FichaSmoke.robot">
<test id="s1-t1" name="Cenário 1: Inscrição de sucesso" line="8">
<kw name="Abrir o navegador" owner="kws_ficha_resouces" type="SETUP">
<kw name="Open Browser" owner="SeleniumLibrary">
<msg time="2024-11-13T21:02:23.251775" level="INFO">Opening browser 'Chrome' to base url 'https://fichainscricao-dev.inspirali.com/concurso/15505'.</msg>
<arg>${URLlogin}</arg>
<arg>Chrome</arg>
<doc>Opens a new browser instance to the optional ``url``.</doc>
<status status="PASS" start="2024-11-13T21:02:23.250776" elapsed="3.036259"/>
</kw>
<kw name="Maximize Browser Window" owner="SeleniumLibrary">
<doc>Maximizes current browser window.</doc>
<status status="PASS" start="2024-11-13T21:02:26.287035" elapsed="0.033627"/>
</kw>
<status status="PASS" start="2024-11-13T21:02:23.249775" elapsed="3.070887"/>
</kw>
<kw name="Dado que o usuário preencheu nome completo, email e telefone" owner="kws_ficha_resouces">
<kw name="Name" owner="FakerLibrary">
<msg time="2024-11-13T21:02:26.322694" level="INFO">${name} = Dra. Agatha Viana</msg>
<var>${name}</var>
<doc>:example: 'John Doe'</doc>
<status status="PASS" start="2024-11-13T21:02:26.322694" elapsed="0.000000"/>
</kw>
<kw name="Email" owner="FakerLibrary">
<msg time="2024-11-13T21:02:26.323694" level="INFO">${email} = ravyalves@example.com</msg>
<var>${email}</var>
<status status="PASS" start="2024-11-13T21:02:26.323694" elapsed="0.000000"/>
</kw>
<kw name="Phone Number" owner="FakerLibrary">
<msg time="2024-11-13T21:02:26.323694" level="INFO">${phone} = +55 (021) 8408-4312</msg>
<var>${phone}</var>
<status status="PASS" start="2024-11-13T21:02:26.323694" elapsed="0.000000"/>
</kw>
<kw name="Wait Until Element Is Visible" owner="SeleniumLibrary">
<arg>xpath=//div[@class='registration-form__title'][contains(.,'Formulário de Inscrição')]</arg>
<doc>Waits until the element ``locator`` is visible.</doc>
<status status="PASS" start="2024-11-13T21:02:26.324694" elapsed="1.754405"/>
</kw>
<kw name="Input Text" owner="SeleniumLibrary">
<msg time="2024-11-13T21:02:28.080099" level="INFO">Typing text 'Dra. Agatha Viana' into text field 'xpath=(//input[contains(@type,'text')])[1]'.</msg>
<arg>${IPT_NAME}</arg>
<arg>${name}</arg>
<doc>Types the given ``text`` into the text field identified by ``locator``.</doc>
<status status="PASS" start="2024-11-13T21:02:28.079099" elapsed="0.170130"/>
</kw>
<kw name="Input Text" owner="SeleniumLibrary">
<msg time="2024-11-13T21:02:28.249229" level="INFO">Typing text 'ravyalves@example.com' into text field 'xpath=(//input[contains(@type,'text')])[2]'.</msg>
<arg>${IPT_EMAIL}</arg>
<arg>${email}</arg>
<doc>Types the given ``text`` into the text field identified by ``locator``.</doc>
<status status="PASS" start="2024-11-13T21:02:28.249229" elapsed="0.117502"/>
</kw>
<kw name="Input Text" owner="SeleniumLibrary">
<msg time="2024-11-13T21:02:28.367254" level="INFO">Typing text '12981650685' into text field 'xpath=(//input[contains(@type,'text')])[3]'.</msg>
<arg>${IPT_PHONE}</arg>
<arg>12981650685</arg>
<doc>Types the given ``text`` into the text field identified by ``locator``.</doc>
<status status="PASS" start="2024-11-13T21:02:28.366731" elapsed="0.114027"/>
</kw>
<status status="PASS" start="2024-11-13T21:02:26.321698" elapsed="2.159060"/>
</kw>
<kw name="E clicar em continue" owner="kws_ficha_resouces">
<kw name="Click Button" owner="SeleniumLibrary">
<msg time="2024-11-13T21:02:28.481779" level="INFO">Clicking button 'xpath=//button[@class='btn btn-primary'][contains(.,'Continue')]'.</msg>
<arg>${CLICK_NEXT}</arg>
<doc>Clicks the button identified by ``locator``.</doc>
<status status="PASS" start="2024-11-13T21:02:28.481779" elapsed="0.049570"/>
</kw>
<kw name="Sleep" owner="BuiltIn">
<msg time="2024-11-13T21:02:29.531877" level="INFO">Slept 1 second.</msg>
<arg>1s</arg>
<doc>Pauses the test executed for the given time.</doc>
<status status="PASS" start="2024-11-13T21:02:28.531349" elapsed="1.000528"/>
</kw>
<status status="PASS" start="2024-11-13T21:02:28.481779" elapsed="1.050098"/>
</kw>
<kw name="E preenche os dados restantes CPF, RG Sexo, Deficiência, raça, data de nascimento e se possui deficiência" owner="kws_ficha_resouces">
<kw name="Name" owner="FakerLibrary">
<msg time="2024-11-13T21:02:29.534160" level="INFO">${nameMother} = Srta. Luiza Mendonça</msg>
<var>${nameMother}</var>
<doc>:example: 'John Doe'</doc>
<status status="PASS" start="2024-11-13T21:02:29.533085" elapsed="0.001075"/>
</kw>
<kw name="Wait Until Element Is Visible" owner="SeleniumLibrary">
<arg>${ELEMENT_CPF}</arg>
<doc>Waits until the element ``locator`` is visible.</doc>
<status status="PASS" start="2024-11-13T21:02:29.534160" elapsed="0.012890"/>
</kw>
<kw name="Input Text" owner="SeleniumLibrary">
<msg time="2024-11-13T21:02:29.548051" level="INFO">Typing text '46534171805' into text field 'xpath=(//input[contains(@type,'text')])[4]'.</msg>
<arg>${IPT_CPF}</arg>
<arg>46534171805</arg>
<doc>Types the given ``text`` into the text field identified by ``locator``.</doc>
<status status="PASS" start="2024-11-13T21:02:29.547050" elapsed="0.086548"/>
</kw>
<kw name="Input Text" owner="SeleniumLibrary">
<msg time="2024-11-13T21:02:29.633598" level="INFO">Typing text '39239534' into text field 'xpath=(//input[contains(@type,'text')])[5]'.</msg>
<arg>${IPT_RG}</arg>
<arg>39239534</arg>
<doc>Types the given ``text`` into the text field identified by ``locator``.</doc>
<status status="PASS" start="2024-11-13T21:02:29.633598" elapsed="0.065251"/>
</kw>
<kw name="Click Element" owner="SeleniumLibrary">
<msg time="2024-11-13T21:02:29.699851" level="INFO">Clicking element 'xpath=(//span[contains(@class,'insp-radio__checkmark')])[2]'.</msg>
<arg>${CHECK_MAN}</arg>
<doc>Click the element identified by ``locator``.</doc>
<status status="PASS" start="2024-11-13T21:02:29.698849" elapsed="0.030251"/>
</kw>
<kw name="Click Element" owner="SeleniumLibrary">
<msg time="2024-11-13T21:02:29.729100" level="INFO">Clicking element 'xpath=//div[@class='insp-dropdown__select'][contains(.,'Selecionar')]'.</msg>
<arg>${DROP_SELECT_RACE}</arg>
<doc>Click the element identified by ``locator``.</doc>
<status status="PASS" start="2024-11-13T21:02:29.729100" elapsed="0.031067"/>
</kw>
<kw name="Click Element" owner="SeleniumLibrary">
<msg time="2024-11-13T21:02:29.760167" level="INFO">Clicking element 'xpath=//div[@class='insp-dropdown__item'][contains(.,'Amarela')]'.</msg>
<arg>${ELEMENT_AMARELA}</arg>
<doc>Click the element identified by ``locator``.</doc>
<status status="PASS" start="2024-11-13T21:02:29.760167" elapsed="0.039004"/>
</kw>
<kw name="Input Text" owner="SeleniumLibrary">
<msg time="2024-11-13T21:02:29.799171" level="INFO">Typing text '01031999' into text field 'xpath=(//input[contains(@type,'text')])[6]'.</msg>
<arg>${IPT_BIRTHDAY}</arg>
<arg>01031999</arg>
<doc>Types the given ``text`` into the text field identified by ``locator``.</doc>
<status status="PASS" start="2024-11-13T21:02:29.799171" elapsed="0.081303"/>
</kw>
<kw name="Input Text" owner="SeleniumLibrary">
<msg time="2024-11-13T21:02:29.881503" level="INFO">Typing text 'Srta. Luiza Mendonça' into text field 'xpath=(//input[contains(@type,'text')])[7]'.</msg>
<arg>${IPT_NAME_MATHER}</arg>
<arg>${nameMother}</arg>
<doc>Types the given ``text`` into the text field identified by ``locator``.</doc>
<status status="PASS" start="2024-11-13T21:02:29.881503" elapsed="0.098997"/>
</kw>
<status status="PASS" start="2024-11-13T21:02:29.533085" elapsed="0.447415"/>
</kw>
<kw name="E clicar em continue" owner="kws_ficha_resouces">
<kw name="Click Button" owner="SeleniumLibrary">
<msg time="2024-11-13T21:02:29.981518" level="INFO">Clicking button 'xpath=//button[@class='btn btn-primary'][contains(.,'Continue')]'.</msg>
<arg>${CLICK_NEXT}</arg>
<doc>Clicks the button identified by ``locator``.</doc>
<status status="PASS" start="2024-11-13T21:02:29.981518" elapsed="0.038241"/>
</kw>
<kw name="Sleep" owner="BuiltIn">
<msg time="2024-11-13T21:02:31.021268" level="INFO">Slept 1 second.</msg>
<arg>1s</arg>
<doc>Pauses the test executed for the given time.</doc>
<status status="PASS" start="2024-11-13T21:02:30.020759" elapsed="1.000509"/>
</kw>
<status status="PASS" start="2024-11-13T21:02:29.980500" elapsed="1.041282"/>
</kw>
<kw name="E preenche os dados de CEP e Numero" owner="kws_ficha_resouces">
<kw name="Random Number" owner="FakerLibrary">
<msg time="2024-11-13T21:02:31.022799" level="INFO">${RandomNumber} = 91</msg>
<var>${RandomNumber}</var>
<doc>Generate a random integer according to the following rules:</doc>
<status status="PASS" start="2024-11-13T21:02:31.022799" elapsed="0.000998"/>
</kw>
<kw name="Wait Until Element Is Visible" owner="SeleniumLibrary">
<arg>${ELEMENT_CEP}</arg>
<doc>Waits until the element ``locator`` is visible.</doc>
<status status="PASS" start="2024-11-13T21:02:31.023797" elapsed="0.016994"/>
</kw>
<kw name="Input Text" owner="SeleniumLibrary">
<msg time="2024-11-13T21:02:31.041792" level="INFO">Typing text '02251000' into text field 'xpath=(//input[contains(@type,'text')])[1]'.</msg>
<arg>${IPT_cep}</arg>
<arg>02251000</arg>
<doc>Types the given ``text`` into the text field identified by ``locator``.</doc>
<status status="PASS" start="2024-11-13T21:02:31.041792" elapsed="0.068005"/>
</kw>
<kw name="Input Text" owner="SeleniumLibrary">
<msg time="2024-11-13T21:02:31.109797" level="INFO">Typing text '91' into text field 'xpath=(//input[contains(@type,'text')])[5]'.</msg>
<arg>${IPT_NUMBER_HOUSE}</arg>
<arg>${RandomNumber}</arg>
<doc>Types the given ``text`` into the text field identified by ``locator``.</doc>
<status status="PASS" start="2024-11-13T21:02:31.109797" elapsed="0.065510"/>
</kw>
<kw name="Sleep" owner="BuiltIn">
<msg time="2024-11-13T21:02:32.175661" level="INFO">Slept 1 second.</msg>
<arg>1s</arg>
<doc>Pauses the test executed for the given time.</doc>
<status status="PASS" start="2024-11-13T21:02:31.175307" elapsed="1.000354"/>
</kw>
<status status="PASS" start="2024-11-13T21:02:31.021782" elapsed="1.153879"/>
</kw>
<kw name="E clicar em continue" owner="kws_ficha_resouces">
<kw name="Click Button" owner="SeleniumLibrary">
<msg time="2024-11-13T21:02:32.177190" level="INFO">Clicking button 'xpath=//button[@class='btn btn-primary'][contains(.,'Continue')]'.</msg>
<arg>${CLICK_NEXT}</arg>
<doc>Clicks the button identified by ``locator``.</doc>
<status status="PASS" start="2024-11-13T21:02:32.177190" elapsed="0.044520"/>
</kw>
<kw name="Sleep" owner="BuiltIn">
<msg time="2024-11-13T21:02:33.222054" level="INFO">Slept 1 second.</msg>
<arg>1s</arg>
<doc>Pauses the test executed for the given time.</doc>
<status status="PASS" start="2024-11-13T21:02:32.221710" elapsed="1.000885"/>
</kw>
<status status="PASS" start="2024-11-13T21:02:32.176684" elapsed="1.045911"/>
</kw>
<kw name="E Espera a pagina carregar" owner="kws_ficha_resouces">
<kw name="Wait Until Element Is Visible" owner="SeleniumLibrary">
<arg>${ELEMENT_TEXT_CAMPUS}</arg>
<doc>Waits until the element ``locator`` is visible.</doc>
<status status="PASS" start="2024-11-13T21:02:33.224900" elapsed="0.028094"/>
</kw>
<kw name="Click Element" owner="SeleniumLibrary">
<msg time="2024-11-13T21:02:33.254015" level="INFO">Clicking element 'xpath=(//span[contains(@class,'insp-radio__checkmark')])[1]'.</msg>
<arg>${SELECT_DISCOUNT_TRUE}</arg>
<doc>Click the element identified by ``locator``.</doc>
<status status="PASS" start="2024-11-13T21:02:33.252994" elapsed="0.034256"/>
</kw>
<kw name="Click Element" owner="SeleniumLibrary">
<msg time="2024-11-13T21:02:33.288251" level="INFO">Clicking element 'xpath=(//span[contains(@class,'insp-radio__checkmark')])[2]'.</msg>
<arg>${SELECT_DISCOUNT_FALSE}</arg>
<doc>Click the element identified by ``locator``.</doc>
<status status="PASS" start="2024-11-13T21:02:33.287250" elapsed="0.027078"/>
</kw>
<kw name="Sleep" owner="BuiltIn">
<msg time="2024-11-13T21:03:03.315649" level="INFO">Slept 30 seconds.</msg>
<arg>30s</arg>
<doc>Pauses the test executed for the given time.</doc>
<status status="PASS" start="2024-11-13T21:02:33.315333" elapsed="30.000316"/>
</kw>
<status status="PASS" start="2024-11-13T21:02:33.223751" elapsed="30.091898"/>
</kw>
<kw name="Fechar navegador" owner="kws_ficha_resouces" type="TEARDOWN">
<kw name="Close Browser" owner="SeleniumLibrary">
<doc>Closes the current browser.</doc>
<status status="PASS" start="2024-11-13T21:03:03.318464" elapsed="2.131372"/>
</kw>
<status status="PASS" start="2024-11-13T21:03:03.316211" elapsed="2.133625"/>
</kw>
<doc>Esse teste tem como objetivo realizar a incrição de um candidato até o final da ficha</doc>
<tag>InscriçãoSucesso</tag>
<status status="PASS" start="2024-11-13T21:02:23.248775" elapsed="42.202161"/>
</test>
<status status="PASS" start="2024-11-13T21:02:22.482300" elapsed="42.972529"/>
</suite>
<statistics>
<total>
<stat pass="1" fail="0" skip="0">All Tests</stat>
</total>
<tag>
<stat pass="1" fail="0" skip="0">InscriçãoSucesso</stat>
</tag>
<suite>
<stat pass="1" fail="0" skip="0" id="s1" name="FichaSmoke">FichaSmoke</stat>
</suite>
</statistics>
<errors>
<msg time="2024-11-13T21:02:22.521906" level="ERROR">Error in file 'C:\Users\suporte\Desktop\robotFrameWork\resources\keywords\kws_ficha_resouces.robot' on line 3: Library '..\features\libraries\db_library.py' does not exist.</msg>
<msg time="2024-11-13T21:02:22.522905" level="ERROR">Error in file 'C:\Users\suporte\Desktop\robotFrameWork\resources\keywords\kws_ficha_resouces.robot' on line 4: Library 'C:UserssuporteDesktopobotFrameWorkfeatureslibrariesdb_library.py' does not exist.</msg>
</errors>
</robot>
